mode: set
github.com/evg4b/uncors/pkg/pool/pool.go:18.64,22.2 2 1
github.com/evg4b/uncors/pkg/pool/pool.go:24.29,29.2 3 1
github.com/evg4b/uncors/pkg/pool/pool.go:31.40,34.12 2 1
github.com/evg4b/uncors/pkg/pool/pool.go:34.12,37.34 2 1
github.com/evg4b/uncors/pkg/pool/pool.go:37.34,41.21 4 1
github.com/evg4b/uncors/pkg/pool/pool.go:41.21,43.5 1 1
github.com/evg4b/uncors/pkg/pool/pool.go:48.25,49.21 1 1
github.com/evg4b/uncors/pkg/pool/pool.go:49.21,51.3 1 1
github.com/evg4b/uncors/internal/responseprinter/responceprinter.go:10.52,15.2 3 1
github.com/evg4b/uncors/internal/responseprinter/responceprinter.go:17.72,18.42 1 1
github.com/evg4b/uncors/internal/responseprinter/responceprinter.go:22.2,22.44 1 1
github.com/evg4b/uncors/internal/responseprinter/responceprinter.go:32.2,32.44 1 1
github.com/evg4b/uncors/internal/responseprinter/responceprinter.go:42.2,42.44 1 1
github.com/evg4b/uncors/internal/responseprinter/responceprinter.go:52.2,58.3 1 1
github.com/evg4b/uncors/internal/responseprinter/responceprinter.go:18.42,19.68 1 1
github.com/evg4b/uncors/internal/responseprinter/responceprinter.go:22.44,30.3 1 1
github.com/evg4b/uncors/internal/responseprinter/responceprinter.go:32.44,40.3 1 1
github.com/evg4b/uncors/internal/responseprinter/responceprinter.go:42.44,50.3 1 1
